<!DOCTYPE html PUBLIC "-//W3C//DTD XHTML 1.1//EN" "http://www.w3.org/TR/xhtml11/DTD/xhtml11.dtd">
<html xmlns="http://www.w3.org/1999/xhtml"><head><title>TestNG Report</title><style type="text/css">table {margin-bottom:10px;border-collapse:collapse;empty-cells:show}th,td {border:1px solid #009;padding:.25em .5em}th {vertical-align:bottom}td {vertical-align:top}table a {font-weight:bold}.stripe td {background-color: #E6EBF9}.num {text-align:right}.passedodd td {background-color: #3F3}.passedeven td {background-color: #0A0}.skippedodd td {background-color: #DDD}.skippedeven td {background-color: #CCC}.failedodd td,.attn {background-color: #F33}.failedeven td,.stripe .attn {background-color: #D00}.stacktrace {white-space:pre;font-family:monospace}.totop {font-size:85%;text-align:center;border-bottom:2px solid #000}</style></head><body><table><tr><th>Test</th><th># Passed</th><th># Skipped</th><th># Failed</th><th>Time (ms)</th><th>Included Groups</th><th>Excluded Groups</th></tr><tr><th colspan="7">TestNG Learning</th></tr><tr><td><a href="#t0">Login test</a></td><td class="num">0</td><td class="num">0</td><td class="num attn">1</td><td class="num">305,197</td><td></td><td></td></tr><tr class="stripe"><td><a href="#t1">Search a Friend test</a></td><td class="num">0</td><td class="num">0</td><td class="num attn">1</td><td class="num">1,016</td><td></td><td></td></tr><tr><td><a href="#t2">Upload a pic test</a></td><td class="num">0</td><td class="num attn">1</td><td class="num">0</td><td class="num">10</td><td></td><td></td></tr><tr><th>Total</th><th class="num">0</th><th class="num attn">1</th><th class="num attn">2</th><th class="num">306,223</th><th colspan="2"></th></tr></table><table><thead><tr><th>Class</th><th>Method</th><th>Start</th><th>Time (ms)</th></tr></thead><tbody><tr><th colspan="4">TestNG Learning</th></tr></tbody><tbody id="t0"><tr><th colspan="4">Login test &#8212; failed</th></tr><tr class="failedeven"><td rowspan="1">testcases.LoginTest</td><td><a href="#m0">doLoginTest</a></td><td rowspan="1">1387042597642</td><td rowspan="1">302154</td></tr></tbody><tbody id="t1"><tr><th colspan="4">Search a Friend test &#8212; failed</th></tr><tr class="failedeven"><td rowspan="1">testcases.SearchFriendTest</td><td><a href="#m1">searchforfriend</a></td><td rowspan="1">1387042900045</td><td rowspan="1">1005</td></tr></tbody><tbody id="t2"><tr><th colspan="4">Upload a pic test &#8212; skipped (configuration methods)</th></tr><tr class="skippedeven"><td rowspan="1">testcases.UploadaPicTest</td><td><a href="#m2">isSkip</a></td><td rowspan="1">1387042901087</td><td rowspan="1">0</td></tr><tr><th colspan="4">Upload a pic test &#8212; skipped</th></tr><tr class="skippedeven"><td rowspan="1">testcases.UploadaPicTest</td><td><a href="#m3">uploadPic</a></td><td rowspan="1">1387042901093</td><td rowspan="1">2</td></tr></tbody></table><h2>Login test</h2><h3 id="m0">testcases.LoginTest#doLoginTest</h3><table class="result"><tr class="param"><th>Parameter #1</th></tr><tr class="param stripe"><td>{password=selenium1234, runmode=Y, title=google.com, username=seleniumcoaching@gmail.com}</td></tr><tr><th>Exception</th></tr><tr><td><div class="stacktrace">java.lang.AssertionError: expected [google.com] but found [Welcome to Facebook - Log In, Sign Up or Learn More]
	at ErrorCollectors.ErrorCollector.assertEquals(ErrorCollector.java:39)
	at ErrorCollectors.ErrorCollector.verifyEquals(ErrorCollector.java:92)
	at testcases.LoginTest.doLoginTest(LoginTest.java:40)
... Removed 28 stack frames</div></td></tr></table><p class="totop"><a href="#summary">back to summary</a></p><h2>Search a Friend test</h2><h3 id="m1">testcases.SearchFriendTest#searchforfriend</h3><table class="result"><tr class="param"><th>Parameter #1</th></tr><tr class="param stripe"><td>{runmode=Y, friendname=Piyush Sharma}</td></tr><tr><th>Exception</th></tr><tr><td><div class="stacktrace">java.lang.AssertionError: Home Page Element not found expected [true] but found [false]
	at pages.topNavigation.gotoHome(topNavigation.java:23)
	at testcases.SearchFriendTest.searchforfriend(SearchFriendTest.java:40)
... Removed 27 stack frames</div></td></tr></table><p class="totop"><a href="#summary">back to summary</a></p><h2>Upload a pic test</h2><h3 id="m2">testcases.UploadaPicTest#isSkip</h3><table class="result"><tr><th>Exception</th></tr><tr><td><div class="stacktrace">org.testng.SkipException: Skipping the test case as the Run mode is not Y
	at testcases.UploadaPicTest.isSkip(UploadaPicTest.java:25)
... Removed 22 stack frames</div></td></tr></table><p class="totop"><a href="#summary">back to summary</a></p><h3 id="m3">testcases.UploadaPicTest#uploadPic</h3><table class="result"><tr class="param"><th>Parameter #1</th></tr><tr class="param stripe"><td>{runmode=Y, path=c:\\screenshot\\abcd.jpg}</td></tr></table><p class="totop"><a href="#summary">back to summary</a></p></body></html>