<?xml version="1.0" encoding="UTF-8"?>
<testng-results skipped="1" failed="2" total="3" passed="0">
  <reporter-output>
  </reporter-output>
  <suite name="TestNG Learning" duration-ms="306438" started-at="2013-12-14T17:36:34Z" finished-at="2013-12-14T17:41:41Z">
    <groups>
    </groups>
    <test name="Login test" duration-ms="305197" started-at="2013-12-14T17:36:34Z" finished-at="2013-12-14T17:41:39Z">
      <class name="testcases.LoginTest">
        <test-method status="PASS" signature="isSkip()[pri:0, instance:testcases.LoginTest@5b3353f]" name="isSkip" is-config="true" duration-ms="2941" started-at="2013-12-14T23:06:34Z" finished-at="2013-12-14T23:06:37Z">
          <reporter-output>
          </reporter-output>
        </test-method> <!-- isSkip -->
        <test-method status="FAIL" signature="doLoginTest(java.util.Hashtable)[pri:0, instance:testcases.LoginTest@5b3353f]" name="doLoginTest" duration-ms="302154" started-at="2013-12-14T23:06:37Z" data-provider="getData" finished-at="2013-12-14T23:11:39Z">
          <params>
            <param index="0">
              <value>
                <![CDATA[{password=selenium1234, runmode=Y, title=google.com, username=seleniumcoaching@gmail.com}]]>
              </value>
            </param>
          </params>
          <exception class="java.lang.AssertionError">
            <message>
              <![CDATA[expected [google.com] but found [Welcome to Facebook - Log In, Sign Up or Learn More]]]>
            </message>
            <full-stacktrace>
              <![CDATA[java.lang.AssertionError: expected [google.com] but found [Welcome to Facebook - Log In, Sign Up or Learn More]
	at org.testng.Assert.fail(Assert.java:94)
	at org.testng.Assert.failNotEquals(Assert.java:494)
	at org.testng.Assert.assertEquals(Assert.java:123)
	at org.testng.Assert.assertEquals(Assert.java:165)
	at ErrorCollectors.ErrorCollector.assertEquals(ErrorCollector.java:39)
	at ErrorCollectors.ErrorCollector.verifyEquals(ErrorCollector.java:92)
	at testcases.LoginTest.doLoginTest(LoginTest.java:40)
	at sun.reflect.NativeMethodAccessorImpl.invoke0(Native Method)
	at sun.reflect.NativeMethodAccessorImpl.invoke(NativeMethodAccessorImpl.java:57)
	at sun.reflect.DelegatingMethodAccessorImpl.invoke(DelegatingMethodAccessorImpl.java:43)
	at java.lang.reflect.Method.invoke(Method.java:606)
	at org.testng.internal.MethodInvocationHelper.invokeMethod(MethodInvocationHelper.java:84)
	at org.testng.internal.Invoker.invokeMethod(Invoker.java:714)
	at org.testng.internal.Invoker.invokeTestMethod(Invoker.java:901)
	at org.testng.internal.Invoker.invokeTestMethods(Invoker.java:1231)
	at org.testng.internal.TestMethodWorker.invokeTestMethods(TestMethodWorker.java:127)
	at org.testng.internal.TestMethodWorker.run(TestMethodWorker.java:111)
	at org.testng.TestRunner.privateRun(TestRunner.java:767)
	at org.testng.TestRunner.run(TestRunner.java:617)
	at org.testng.SuiteRunner.runTest(SuiteRunner.java:334)
	at org.testng.SuiteRunner.runSequentially(SuiteRunner.java:329)
	at org.testng.SuiteRunner.privateRun(SuiteRunner.java:291)
	at org.testng.SuiteRunner.run(SuiteRunner.java:240)
	at org.testng.SuiteRunnerWorker.runSuite(SuiteRunnerWorker.java:52)
	at org.testng.SuiteRunnerWorker.run(SuiteRunnerWorker.java:86)
	at org.testng.TestNG.runSuitesSequentially(TestNG.java:1224)
	at org.testng.TestNG.runSuitesLocally(TestNG.java:1149)
	at org.testng.TestNG.run(TestNG.java:1057)
	at org.testng.remote.RemoteTestNG.run(RemoteTestNG.java:111)
	at org.testng.remote.RemoteTestNG.initAndRun(RemoteTestNG.java:204)
	at org.testng.remote.RemoteTestNG.main(RemoteTestNG.java:175)
]]>
            </full-stacktrace>
          </exception> <!-- java.lang.AssertionError -->
          <reporter-output>
          </reporter-output>
        </test-method> <!-- doLoginTest -->
      </class> <!-- testcases.LoginTest -->
    </test> <!-- Login test -->
    <test name="Search a Friend test" duration-ms="1016" started-at="2013-12-14T17:41:40Z" finished-at="2013-12-14T17:41:41Z">
      <class name="testcases.SearchFriendTest">
        <test-method status="PASS" signature="isSkip()[pri:0, instance:testcases.SearchFriendTest@66af5e3c]" name="isSkip" is-config="true" duration-ms="2" started-at="2013-12-14T23:11:40Z" finished-at="2013-12-14T23:11:40Z">
          <reporter-output>
          </reporter-output>
        </test-method> <!-- isSkip -->
        <test-method status="FAIL" signature="searchforfriend(java.util.Hashtable)[pri:0, instance:testcases.SearchFriendTest@66af5e3c]" name="searchforfriend" duration-ms="1005" started-at="2013-12-14T23:11:40Z" data-provider="getData" finished-at="2013-12-14T23:11:41Z">
          <params>
            <param index="0">
              <value>
                <![CDATA[{runmode=Y, friendname=Piyush Sharma}]]>
              </value>
            </param>
          </params>
          <exception class="java.lang.AssertionError">
            <message>
              <![CDATA[Home Page Element not found expected [true] but found [false]]]>
            </message>
            <full-stacktrace>
              <![CDATA[java.lang.AssertionError: Home Page Element not found expected [true] but found [false]
	at org.testng.Assert.fail(Assert.java:94)
	at org.testng.Assert.failNotEquals(Assert.java:494)
	at org.testng.Assert.assertTrue(Assert.java:42)
	at pages.topNavigation.gotoHome(topNavigation.java:23)
	at testcases.SearchFriendTest.searchforfriend(SearchFriendTest.java:40)
	at sun.reflect.NativeMethodAccessorImpl.invoke0(Native Method)
	at sun.reflect.NativeMethodAccessorImpl.invoke(NativeMethodAccessorImpl.java:57)
	at sun.reflect.DelegatingMethodAccessorImpl.invoke(DelegatingMethodAccessorImpl.java:43)
	at java.lang.reflect.Method.invoke(Method.java:606)
	at org.testng.internal.MethodInvocationHelper.invokeMethod(MethodInvocationHelper.java:84)
	at org.testng.internal.Invoker.invokeMethod(Invoker.java:714)
	at org.testng.internal.Invoker.invokeTestMethod(Invoker.java:901)
	at org.testng.internal.Invoker.invokeTestMethods(Invoker.java:1231)
	at org.testng.internal.TestMethodWorker.invokeTestMethods(TestMethodWorker.java:127)
	at org.testng.internal.TestMethodWorker.run(TestMethodWorker.java:111)
	at org.testng.TestRunner.privateRun(TestRunner.java:767)
	at org.testng.TestRunner.run(TestRunner.java:617)
	at org.testng.SuiteRunner.runTest(SuiteRunner.java:334)
	at org.testng.SuiteRunner.runSequentially(SuiteRunner.java:329)
	at org.testng.SuiteRunner.privateRun(SuiteRunner.java:291)
	at org.testng.SuiteRunner.run(SuiteRunner.java:240)
	at org.testng.SuiteRunnerWorker.runSuite(SuiteRunnerWorker.java:52)
	at org.testng.SuiteRunnerWorker.run(SuiteRunnerWorker.java:86)
	at org.testng.TestNG.runSuitesSequentially(TestNG.java:1224)
	at org.testng.TestNG.runSuitesLocally(TestNG.java:1149)
	at org.testng.TestNG.run(TestNG.java:1057)
	at org.testng.remote.RemoteTestNG.run(RemoteTestNG.java:111)
	at org.testng.remote.RemoteTestNG.initAndRun(RemoteTestNG.java:204)
	at org.testng.remote.RemoteTestNG.main(RemoteTestNG.java:175)
]]>
            </full-stacktrace>
          </exception> <!-- java.lang.AssertionError -->
          <reporter-output>
          </reporter-output>
        </test-method> <!-- searchforfriend -->
      </class> <!-- testcases.SearchFriendTest -->
    </test> <!-- Search a Friend test -->
    <test name="Upload a pic test" duration-ms="10" started-at="2013-12-14T17:41:41Z" finished-at="2013-12-14T17:41:41Z">
      <class name="testcases.UploadaPicTest">
        <test-method status="SKIP" signature="isSkip()[pri:0, instance:testcases.UploadaPicTest@45b12c9b]" name="isSkip" is-config="true" duration-ms="0" started-at="2013-12-14T23:11:41Z" finished-at="2013-12-14T23:11:41Z">
          <exception class="org.testng.SkipException">
            <message>
              <![CDATA[Skipping the test case as the Run mode is not Y]]>
            </message>
            <full-stacktrace>
              <![CDATA[org.testng.SkipException: Skipping the test case as the Run mode is not Y
	at testcases.UploadaPicTest.isSkip(UploadaPicTest.java:25)
	at sun.reflect.NativeMethodAccessorImpl.invoke0(Native Method)
	at sun.reflect.NativeMethodAccessorImpl.invoke(NativeMethodAccessorImpl.java:57)
	at sun.reflect.DelegatingMethodAccessorImpl.invoke(DelegatingMethodAccessorImpl.java:43)
	at java.lang.reflect.Method.invoke(Method.java:606)
	at org.testng.internal.MethodInvocationHelper.invokeMethod(MethodInvocationHelper.java:84)
	at org.testng.internal.Invoker.invokeConfigurationMethod(Invoker.java:564)
	at org.testng.internal.Invoker.invokeConfigurations(Invoker.java:213)
	at org.testng.internal.Invoker.invokeConfigurations(Invoker.java:138)
	at org.testng.TestRunner.beforeRun(TestRunner.java:641)
	at org.testng.TestRunner.run(TestRunner.java:609)
	at org.testng.SuiteRunner.runTest(SuiteRunner.java:334)
	at org.testng.SuiteRunner.runSequentially(SuiteRunner.java:329)
	at org.testng.SuiteRunner.privateRun(SuiteRunner.java:291)
	at org.testng.SuiteRunner.run(SuiteRunner.java:240)
	at org.testng.SuiteRunnerWorker.runSuite(SuiteRunnerWorker.java:52)
	at org.testng.SuiteRunnerWorker.run(SuiteRunnerWorker.java:86)
	at org.testng.TestNG.runSuitesSequentially(TestNG.java:1224)
	at org.testng.TestNG.runSuitesLocally(TestNG.java:1149)
	at org.testng.TestNG.run(TestNG.java:1057)
	at org.testng.remote.RemoteTestNG.run(RemoteTestNG.java:111)
	at org.testng.remote.RemoteTestNG.initAndRun(RemoteTestNG.java:204)
	at org.testng.remote.RemoteTestNG.main(RemoteTestNG.java:175)
]]>
            </full-stacktrace>
          </exception> <!-- org.testng.SkipException -->
          <reporter-output>
          </reporter-output>
        </test-method> <!-- isSkip -->
        <test-method status="SKIP" signature="uploadPic(java.util.Hashtable)[pri:0, instance:testcases.UploadaPicTest@45b12c9b]" name="uploadPic" duration-ms="2" started-at="2013-12-14T23:11:41Z" data-provider="getData" finished-at="2013-12-14T23:11:41Z">
          <params>
            <param index="0">
              <value>
                <![CDATA[{runmode=Y, path=c:\\screenshot\\abcd.jpg}]]>
              </value>
            </param>
          </params>
          <reporter-output>
          </reporter-output>
        </test-method> <!-- uploadPic -->
      </class> <!-- testcases.UploadaPicTest -->
    </test> <!-- Upload a pic test -->
  </suite> <!-- TestNG Learning -->
</testng-results>
