<?xml version="1.0" encoding="UTF-8"?>
<!-- Generated by org.testng.reporters.JUnitXMLReporter -->
<testsuite hostname="Abdulkadirkhan" name="Search a Friend test" tests="1" failures="1" timestamp="14 Dec 2013 17:41:41 GMT" time="1.016" errors="0">
  <testcase name="searchforfriend" time="1.005" classname="testcases.SearchFriendTest">
    <failure type="java.lang.AssertionError" message="Home Page Element not found expected [true] but found [false]">
      <![CDATA[java.lang.AssertionError: Home Page Element not found expected [true] but found [false]
	at pages.topNavigation.gotoHome(topNavigation.java:23)
	at testcases.SearchFriendTest.searchforfriend(SearchFriendTest.java:40)
... Removed 27 stack frames]]>
    </failure>
  </testcase> <!-- searchforfriend -->
</testsuite> <!-- Search a Friend test -->
